This is pdfTeX, Version 3.14159265-2.6-1.40.16 (MiKTeX 2.9) (preloaded format=pdflatex 2015.11.30)  13 DEC 2015 11:53
entering extended mode
**Report.tex
(Report.tex
LaTeX2e <2015/01/01> patch level 2
Babel <3.9m> and hyphenation patterns for 69 languages loaded.
("C:\Program Files (x86)\MiKTeX 2.9\tex\latex\base\article.cls"
Document Class: article 2014/09/29 v1.4h Standard LaTeX document class
("C:\Program Files (x86)\MiKTeX 2.9\tex\latex\base\size10.clo"
File: size10.clo 2014/09/29 v1.4h Standard LaTeX file (size option)
)
\c@part=\count79
\c@section=\count80
\c@subsection=\count81
\c@subsubsection=\count82
\c@paragraph=\count83
\c@subparagraph=\count84
\c@figure=\count85
\c@table=\count86
\abovecaptionskip=\skip41
\belowcaptionskip=\skip42
\bibindent=\dimen102
)
("C:\Program Files (x86)\MiKTeX 2.9\tex\latex\ltxmisc\parskip.sty"
Package: parskip 2001/04/09 non-zero parskip adjustments
)
("C:\Program Files (x86)\MiKTeX 2.9\tex\latex\tabu\tabu.sty"
Package: tabu 2011/02/26 v2.8 - flexible LaTeX tabulars (FC)

("C:\Program Files (x86)\MiKTeX 2.9\tex\latex\tools\array.sty"
Package: array 2014/10/28 v2.4c Tabular extension package (FMi)
\col@sep=\dimen103
\extrarowheight=\dimen104
\NC@list=\toks14
\extratabsurround=\skip43
\backup@length=\skip44
)
("C:\Program Files (x86)\MiKTeX 2.9\tex\latex\ltxmisc\varwidth.sty"
Package: varwidth 2009/03/30 ver 0.92;  Variable-width minipages
\@vwid@box=\box26
\sift@deathcycles=\count87
\@vwid@loff=\dimen105
\@vwid@roff=\dimen106
)
\c@taburow=\count88
\tabu@nbcols=\count89
\tabu@cnt=\count90
\tabu@Xcol=\count91
\tabu@alloc=\count92
\tabu@nested=\count93
\tabu@target=\dimen107
\tabu@spreadtarget=\dimen108
\tabu@naturalX=\dimen109
\tabucolX=\dimen110
\tabu@Xsum=\dimen111
\extrarowdepth=\dimen112
\abovetabulinesep=\dimen113
\belowtabulinesep=\dimen114
\tabustrutrule=\dimen115
\tabu@thebody=\toks15
\tabu@footnotes=\toks16
\tabu@box=\box27
\tabu@arstrutbox=\box28
\tabu@hleads=\box29
\tabu@vleads=\box30
\tabu@cellskip=\skip45
)
("C:\Program Files (x86)\MiKTeX 2.9\tex\latex\booktabs\booktabs.sty"
Package: booktabs 2005/04/14 v1.61803 publication quality tables
\heavyrulewidth=\dimen116
\lightrulewidth=\dimen117
\cmidrulewidth=\dimen118
\belowrulesep=\dimen119
\belowbottomsep=\dimen120
\aboverulesep=\dimen121
\abovetopsep=\dimen122
\cmidrulesep=\dimen123
\cmidrulekern=\dimen124
\defaultaddspace=\dimen125
\@cmidla=\count94
\@cmidlb=\count95
\@aboverulesep=\dimen126
\@belowrulesep=\dimen127
\@thisruleclass=\count96
\@lastruleclass=\count97
\@thisrulewidth=\dimen128
)

Package array Warning: Column V is already defined on input line 8.

(Report.aux)
LaTeX Font Info:    Checking defaults for OML/cmm/m/it on input line 20.
LaTeX Font Info:    ... okay on input line 20.
LaTeX Font Info:    Checking defaults for T1/cmr/m/n on input line 20.
LaTeX Font Info:    ... okay on input line 20.
LaTeX Font Info:    Checking defaults for OT1/cmr/m/n on input line 20.
LaTeX Font Info:    ... okay on input line 20.
LaTeX Font Info:    Checking defaults for OMS/cmsy/m/n on input line 20.
LaTeX Font Info:    ... okay on input line 20.
LaTeX Font Info:    Checking defaults for OMX/cmex/m/n on input line 20.
LaTeX Font Info:    ... okay on input line 20.
LaTeX Font Info:    Checking defaults for U/cmr/m/n on input line 20.
LaTeX Font Info:    ... okay on input line 20.
LaTeX Font Info:    External font `cmex10' loaded for size
(Font)              <12> on input line 22.
LaTeX Font Info:    External font `cmex10' loaded for size
(Font)              <8> on input line 22.
LaTeX Font Info:    External font `cmex10' loaded for size
(Font)              <6> on input line 22.
Missing character: There is no Ã in font cmr12!
Missing character: There is no ¸ in font cmr12!
 [1

{C:/Users/MALE/AppData/Local/MiKTeX/2.9/pdftex/config/pdftex.map}]
LaTeX Font Info:    Try loading font information for OMS+cmr on input line 56.
 ("C:\Program Files (x86)\MiKTeX 2.9\tex\latex\base\omscmr.fd"
File: omscmr.fd 2014/09/29 v2.5h Standard LaTeX font definitions
)
LaTeX Font Info:    Font shape `OMS/cmr/m/n' in size <10> not available
(Font)              Font shape `OMS/cmsy/m/n' tried instead on input line 56.

Underfull \hbox (badness 10000) in paragraph at lines 62--63

 []

[2]
LaTeX Font Info:    External font `cmex10' loaded for size
(Font)              <7> on input line 65.
LaTeX Font Info:    External font `cmex10' loaded for size
(Font)              <5> on input line 65.

Overfull \hbox (2.19455pt too wide) in paragraph at lines 65--93
 [] 
 []


Underfull \hbox (badness 10000) in paragraph at lines 96--97

 []


Overfull \hbox (11.49956pt too wide) in paragraph at lines 99--117
 [] 
 []


Underfull \hbox (badness 10000) in paragraph at lines 119--120

 []


Overfull \hbox (16.74951pt too wide) in paragraph at lines 122--137
 [] 
 []


Underfull \hbox (badness 10000) in paragraph at lines 140--141

 []

[3]
Overfull \hbox (2.19455pt too wide) in paragraph at lines 143--192
 [] 
 []


Overfull \hbox (6.2496pt too wide) in paragraph at lines 197--209
 [] 
 []


Overfull \hbox (11.49956pt too wide) in paragraph at lines 214--240
 [] 
 []

[4]
Overfull \hbox (129.49643pt too wide) in paragraph at lines 267--267
[]      \OT1/cmtt/m/n/10 => let val (_, e1_dec, e2_dec) = checkBinOp ftab vtab 
(pos, Int, e1, e2)[] 
 []


Overfull \hbox (129.49643pt too wide) in paragraph at lines 267--267
[]      \OT1/cmtt/m/n/10 => let val (_, e1_dec, e2_dec) = checkBinOp ftab vtab 
(pos, Int, e1, e2)[] 
 []


Overfull \hbox (37.74933pt too wide) in paragraph at lines 245--271
 [] 
 []


Overfull \hbox (3.49753pt too wide) in paragraph at lines 297--297
[]              \OT1/cmtt/m/n/10 (IntVal n1, IntVal n2) => IntVal (n1*n2)[] 
 []


Overfull \hbox (255.49533pt too wide) in paragraph at lines 297--297
[]            \OT1/cmtt/m/n/10 | _ => invalidOperands  "Multiplication on non-i
ntegral args: " [(Int, Int)] res1 res2 pos[] 
 []


Overfull \hbox (24.49734pt too wide) in paragraph at lines 297--297
[]              \OT1/cmtt/m/n/10 (IntVal n1, IntVal n2) => IntVal (n1 div n2)[]
 
 []


Overfull \hbox (218.74565pt too wide) in paragraph at lines 297--297
[]            \OT1/cmtt/m/n/10 | _ => invalidOperands "Division on non-integral
 args: " [(Int, Int)] res1 res2 pos[] 
 []


Overfull \hbox (37.74933pt too wide) in paragraph at lines 276--301
 [] 
 []

[5]
Overfull \hbox (16.74951pt too wide) in paragraph at lines 306--335
 [] 
 []


Underfull \hbox (badness 10000) in paragraph at lines 338--339

 []

[6]
Overfull \hbox (2.19455pt too wide) in paragraph at lines 341--400
 [] 
 []


Overfull \hbox (6.2496pt too wide) in paragraph at lines 405--417
 [] 
 []

[7]
Overfull \hbox (11.49956pt too wide) in paragraph at lines 422--441
 [] 
 []


Overfull \hbox (92.74675pt too wide) in paragraph at lines 470--470
[]             \OT1/cmtt/m/n/10 (false, _) => raise Error ("And cannot take "^ 
ppType t1 ^[] 
 []


Overfull \hbox (145.24629pt too wide) in paragraph at lines 470--470
[]           \OT1/cmtt/m/n/10 | (true, Array _) => raise Error ("And cannot opo
rate on arrays", pos)[] 
 []


Overfull \hbox (87.4968pt too wide) in paragraph at lines 470--470
[]             \OT1/cmtt/m/n/10 (false, _) => raise Error ("Or cannot take "^ p
pType t1 ^[] 
 []


Overfull \hbox (139.99634pt too wide) in paragraph at lines 470--470
[]           \OT1/cmtt/m/n/10 | (true, Array _) => raise Error ("Or cannot oper
ate on arrays", pos)[] 
 []


Overfull \hbox (37.74933pt too wide) in paragraph at lines 446--474
 [] 
 []


Overfull \hbox (50.74712pt too wide) in paragraph at lines 500--500
[]            \OT1/cmtt/m/n/10 (BoolVal n1, BoolVal n2) => BoolVal (n1 andalso 
n2)[] 
 []


Overfull \hbox (171.49606pt too wide) in paragraph at lines 500--500
[]          \OT1/cmtt/m/n/10 | _ => invalidOperands "OR on non-boolean args: " 
[(Int, Int)] res1 res2 pos[] 
 []


Overfull \hbox (45.49716pt too wide) in paragraph at lines 500--500
[]            \OT1/cmtt/m/n/10 (BoolVal n1, BoolVal n2) => BoolVal (n1 orelse n
2)[] 
 []


Overfull \hbox (176.74602pt too wide) in paragraph at lines 500--500
[]          \OT1/cmtt/m/n/10 | _ => invalidOperands "AND on non-boolean args: "
 [(Int, Int)] res1 res2 pos[] 
 []


Overfull \hbox (37.74933pt too wide) in paragraph at lines 479--504
 [] 
 []

[8]
Overfull \hbox (16.74951pt too wide) in paragraph at lines 509--548
 [] 
 []

[9] [10] (Report.aux) ) 
Here is how much of TeX's memory you used:
 1091 strings out of 493673
 14703 string characters out of 3141532
 76673 words of memory out of 3000000
 4492 multiletter control sequences out of 15000+200000
 8063 words of font info for 29 fonts, out of 3000000 for 9000
 1025 hyphenation exceptions out of 8191
 24i,9n,23p,187b,254s stack positions out of 5000i,500n,10000p,200000b,50000s
<C:/Program Files (x86)/MiKTeX 2.9/fonts/type1/public/am
sfonts/cm/cmbx10.pfb><C:/Program Files (x86)/MiKTeX 2.9/fonts/type1/public/amsf
onts/cm/cmbx12.pfb><C:/Program Files (x86)/MiKTeX 2.9/fonts/type1/public/amsfon
ts/cm/cmr10.pfb><C:/Program Files (x86)/MiKTeX 2.9/fonts/type1/public/amsfonts/
cm/cmr12.pfb><C:/Program Files (x86)/MiKTeX 2.9/fonts/type1/public/amsfonts/cm/
cmr17.pfb><C:/Program Files (x86)/MiKTeX 2.9/fonts/type1/public/amsfonts/cm/cms
y10.pfb><C:/Program Files (x86)/MiKTeX 2.9/fonts/type1/public/amsfonts/cm/cmtt1
0.pfb>
Output written on Report.pdf (10 pages, 117489 bytes).
PDF statistics:
 63 PDF objects out of 1000 (max. 8388607)
 0 named destinations out of 1000 (max. 500000)
 1 words of extra memory for PDF output out of 10000 (max. 10000000)

